2017-06-13 03:42:57,649-[DEBUG]-DB_mysql-mysql_exec.py[line:81/select_sql]-select_sql : "select id,login_name,name_cn,password,mobile,email,role,status,last_login_time from users where login_name="admin";"
2017-06-13 03:42:57,680-[DEBUG]-users-users.py[line:63/user_login]-select_login_info:(1L, u'admin', u'\u8bf8\u845b\u5b54\u660e', u'4bfd3be6dbd0c6888250de0640ec5905', u'18689442688', u'admin@watsons.com.cn', 3, 0, u'2017-06-12 04:36:04')
2017-06-13 03:42:57,681-[DEBUG]-users-users.py[line:68/user_login]-select_login_info_dict:{'status': 0, 'login_name': u'admin', 'last_login_time': u'2017-06-12 04:36:04', 'mobile': u'18689442688', 'name_cn': u'\u8bf8\u845b\u5b54\u660e', 'id': 1L, 'role': 3, 'password': u'4bfd3be6dbd0c6888250de0640ec5905', 'email': u'admin@watsons.com.cn'}
2017-06-13 03:42:57,681-[DEBUG]-DB_mysql-mysql_exec.py[line:53/update_sql]-update_sql : "update users set last_login_time='2017-06-13 03:42:57' where login_name='admin';"
2017-06-13 03:42:57,683-[INFO]-users-users.py[line:79/user_login]-"admin" login success
2017-06-13 03:43:09,145-[DEBUG]-DB_mysql-mysql_exec.py[line:81/select_sql]-select_sql : "select id,login_name,name_cn,mobile,email,role,status,update_time,last_login_time from users where login_name="admin";"
2017-06-13 03:43:09,147-[DEBUG]-users-users.py[line:91/user_info]-user_info_dict : {'status': 0, 'update_time': u'2017-06-12 04:36:58', 'login_name': u'admin', 'last_login_time': u'2017-06-13 03:42:57', 'mobile': u'18689442688', 'name_cn': u'\u8bf8\u845b\u5b54\u660e', 'id': 1L, 'role': 3, 'email': u'admin@watsons.com.cn'}
2017-06-13 03:44:00,228-[DEBUG]-DB_mysql-mysql_exec.py[line:81/select_sql]-select_sql : "select id,app_name,app_ip,app_describe,app_way,domain,cdn_domain,app_path,app_shell,app_log,app_ports,status from cmdb_online ;"
2017-06-13 03:44:00,231-[DEBUG]-cmdb_online-cmdb_online.py[line:103/cmdb_online_list]-cmdb_online_list: []
2017-06-13 03:44:03,813-[DEBUG]-DB_mysql-mysql_exec.py[line:81/select_sql]-select_sql : "select id,HostName,PrivateIP,PublicIP,ENV,OS,Kernel,CpuCount,RAM_GB,PhyDiskSize,IDC,status from serverinfo ;"
2017-06-13 03:44:03,814-[DEBUG]-server-server.py[line:116/server_list]-server_list_list: [{'status': 0, 'Kernel': u'2.6.32-642.el6.x86_64', 'IDC': u'\u963f\u91cc\u4e91\u534e\u4e1c1\u533a', 'HostName': u'10-32-48-164', 'PrivateIP': u'10.32.48.164', 'PublicIP': u'202.183.25.138', 'RAM_GB': 15, 'CpuCount': 8, 'ENV': u'online', 'PhyDiskSize': u'sda:1.5T', 'OS': u'CentOS 6.8', 'id': 1L}]
2017-06-13 03:44:20,169-[DEBUG]-DB_mysql-mysql_exec.py[line:81/select_sql]-select_sql : "select id,login_name,name_cn,mobile,email,role,status,update_time,last_login_time from users where login_name="admin";"
2017-06-13 03:44:20,172-[DEBUG]-users-users.py[line:91/user_info]-user_info_dict : {'status': 0, 'update_time': u'2017-06-12 04:36:58', 'login_name': u'admin', 'last_login_time': u'2017-06-13 03:42:57', 'mobile': u'18689442688', 'name_cn': u'\u8bf8\u845b\u5b54\u660e', 'id': 1L, 'role': 3, 'email': u'admin@watsons.com.cn'}
2017-06-13 03:47:16,232-[DEBUG]-DB_mysql-mysql_exec.py[line:81/select_sql]-select_sql : "select id,login_name,name_cn,mobile,email,role,status,update_time,last_login_time from users where login_name="admin";"
2017-06-13 03:47:16,234-[DEBUG]-users-users.py[line:91/user_info]-user_info_dict : {'status': 0, 'update_time': u'2017-06-12 04:36:58', 'login_name': u'admin', 'last_login_time': u'2017-06-13 03:42:57', 'mobile': u'18689442688', 'name_cn': u'\u8bf8\u845b\u5b54\u660e', 'id': 1L, 'role': 0, 'email': u'admin@watsons.com.cn'}
2017-06-13 03:47:20,700-[DEBUG]-DB_mysql-mysql_exec.py[line:81/select_sql]-select_sql : "select id,login_name,name_cn,mobile,email,role,status,update_time,last_login_time from users where login_name="admin";"
2017-06-13 03:47:20,703-[DEBUG]-users-users.py[line:91/user_info]-user_info_dict : {'status': 0, 'update_time': u'2017-06-12 04:36:58', 'login_name': u'admin', 'last_login_time': u'2017-06-13 03:42:57', 'mobile': u'18689442688', 'name_cn': u'\u8bf8\u845b\u5b54\u660e', 'id': 1L, 'role': 0, 'email': u'admin@watsons.com.cn'}
2017-06-13 03:47:21,346-[DEBUG]-DB_mysql-mysql_exec.py[line:81/select_sql]-select_sql : "select id,login_name,name_cn,mobile,email,role,status,update_time,last_login_time from users where login_name="admin";"
2017-06-13 03:47:21,348-[DEBUG]-users-users.py[line:91/user_info]-user_info_dict : {'status': 0, 'update_time': u'2017-06-12 04:36:58', 'login_name': u'admin', 'last_login_time': u'2017-06-13 03:42:57', 'mobile': u'18689442688', 'name_cn': u'\u8bf8\u845b\u5b54\u660e', 'id': 1L, 'role': 0, 'email': u'admin@watsons.com.cn'}
2017-06-13 03:47:21,569-[DEBUG]-DB_mysql-mysql_exec.py[line:81/select_sql]-select_sql : "select id,login_name,name_cn,mobile,email,role,status,update_time,last_login_time from users where login_name="admin";"
2017-06-13 03:47:21,570-[DEBUG]-users-users.py[line:91/user_info]-user_info_dict : {'status': 0, 'update_time': u'2017-06-12 04:36:58', 'login_name': u'admin', 'last_login_time': u'2017-06-13 03:42:57', 'mobile': u'18689442688', 'name_cn': u'\u8bf8\u845b\u5b54\u660e', 'id': 1L, 'role': 0, 'email': u'admin@watsons.com.cn'}
2017-06-13 03:47:21,735-[DEBUG]-DB_mysql-mysql_exec.py[line:81/select_sql]-select_sql : "select id,login_name,name_cn,mobile,email,role,status,update_time,last_login_time from users where login_name="admin";"
2017-06-13 03:47:21,736-[DEBUG]-users-users.py[line:91/user_info]-user_info_dict : {'status': 0, 'update_time': u'2017-06-12 04:36:58', 'login_name': u'admin', 'last_login_time': u'2017-06-13 03:42:57', 'mobile': u'18689442688', 'name_cn': u'\u8bf8\u845b\u5b54\u660e', 'id': 1L, 'role': 0, 'email': u'admin@watsons.com.cn'}
2017-06-13 03:47:21,909-[DEBUG]-DB_mysql-mysql_exec.py[line:81/select_sql]-select_sql : "select id,login_name,name_cn,mobile,email,role,status,update_time,last_login_time from users where login_name="admin";"
2017-06-13 03:47:21,910-[DEBUG]-users-users.py[line:91/user_info]-user_info_dict : {'status': 0, 'update_time': u'2017-06-12 04:36:58', 'login_name': u'admin', 'last_login_time': u'2017-06-13 03:42:57', 'mobile': u'18689442688', 'name_cn': u'\u8bf8\u845b\u5b54\u660e', 'id': 1L, 'role': 0, 'email': u'admin@watsons.com.cn'}
2017-06-13 03:47:22,507-[DEBUG]-DB_mysql-mysql_exec.py[line:81/select_sql]-select_sql : "select id,login_name,name_cn,mobile,email,role,status,update_time,last_login_time from users where login_name="admin";"
2017-06-13 03:47:22,508-[DEBUG]-users-users.py[line:91/user_info]-user_info_dict : {'status': 0, 'update_time': u'2017-06-12 04:36:58', 'login_name': u'admin', 'last_login_time': u'2017-06-13 03:42:57', 'mobile': u'18689442688', 'name_cn': u'\u8bf8\u845b\u5b54\u660e', 'id': 1L, 'role': 0, 'email': u'admin@watsons.com.cn'}
2017-06-13 03:47:22,751-[DEBUG]-DB_mysql-mysql_exec.py[line:81/select_sql]-select_sql : "select id,login_name,name_cn,mobile,email,role,status,update_time,last_login_time from users where login_name="admin";"
2017-06-13 03:47:22,753-[DEBUG]-users-users.py[line:91/user_info]-user_info_dict : {'status': 0, 'update_time': u'2017-06-12 04:36:58', 'login_name': u'admin', 'last_login_time': u'2017-06-13 03:42:57', 'mobile': u'18689442688', 'name_cn': u'\u8bf8\u845b\u5b54\u660e', 'id': 1L, 'role': 0, 'email': u'admin@watsons.com.cn'}
2017-06-13 03:47:22,954-[DEBUG]-DB_mysql-mysql_exec.py[line:81/select_sql]-select_sql : "select id,login_name,name_cn,mobile,email,role,status,update_time,last_login_time from users where login_name="admin";"
2017-06-13 03:47:22,955-[DEBUG]-users-users.py[line:91/user_info]-user_info_dict : {'status': 0, 'update_time': u'2017-06-12 04:36:58', 'login_name': u'admin', 'last_login_time': u'2017-06-13 03:42:57', 'mobile': u'18689442688', 'name_cn': u'\u8bf8\u845b\u5b54\u660e', 'id': 1L, 'role': 0, 'email': u'admin@watsons.com.cn'}
2017-06-13 03:47:23,094-[DEBUG]-DB_mysql-mysql_exec.py[line:81/select_sql]-select_sql : "select id,login_name,name_cn,mobile,email,role,status,update_time,last_login_time from users where login_name="admin";"
2017-06-13 03:47:23,095-[DEBUG]-users-users.py[line:91/user_info]-user_info_dict : {'status': 0, 'update_time': u'2017-06-12 04:36:58', 'login_name': u'admin', 'last_login_time': u'2017-06-13 03:42:57', 'mobile': u'18689442688', 'name_cn': u'\u8bf8\u845b\u5b54\u660e', 'id': 1L, 'role': 0, 'email': u'admin@watsons.com.cn'}
2017-06-13 03:47:23,270-[DEBUG]-DB_mysql-mysql_exec.py[line:81/select_sql]-select_sql : "select id,login_name,name_cn,mobile,email,role,status,update_time,last_login_time from users where login_name="admin";"
2017-06-13 03:47:23,271-[DEBUG]-users-users.py[line:91/user_info]-user_info_dict : {'status': 0, 'update_time': u'2017-06-12 04:36:58', 'login_name': u'admin', 'last_login_time': u'2017-06-13 03:42:57', 'mobile': u'18689442688', 'name_cn': u'\u8bf8\u845b\u5b54\u660e', 'id': 1L, 'role': 0, 'email': u'admin@watsons.com.cn'}
2017-06-13 03:47:23,446-[DEBUG]-DB_mysql-mysql_exec.py[line:81/select_sql]-select_sql : "select id,login_name,name_cn,mobile,email,role,status,update_time,last_login_time from users where login_name="admin";"
2017-06-13 03:47:23,448-[DEBUG]-users-users.py[line:91/user_info]-user_info_dict : {'status': 0, 'update_time': u'2017-06-12 04:36:58', 'login_name': u'admin', 'last_login_time': u'2017-06-13 03:42:57', 'mobile': u'18689442688', 'name_cn': u'\u8bf8\u845b\u5b54\u660e', 'id': 1L, 'role': 0, 'email': u'admin@watsons.com.cn'}
2017-06-13 03:47:23,590-[DEBUG]-DB_mysql-mysql_exec.py[line:81/select_sql]-select_sql : "select id,login_name,name_cn,mobile,email,role,status,update_time,last_login_time from users where login_name="admin";"
2017-06-13 03:47:23,590-[DEBUG]-users-users.py[line:91/user_info]-user_info_dict : {'status': 0, 'update_time': u'2017-06-12 04:36:58', 'login_name': u'admin', 'last_login_time': u'2017-06-13 03:42:57', 'mobile': u'18689442688', 'name_cn': u'\u8bf8\u845b\u5b54\u660e', 'id': 1L, 'role': 0, 'email': u'admin@watsons.com.cn'}
2017-06-13 03:47:24,810-[DEBUG]-DB_mysql-mysql_exec.py[line:81/select_sql]-select_sql : "select id,login_name,name_cn,mobile,email,role,status,update_time,last_login_time from users where login_name="admin";"
2017-06-13 03:47:24,812-[DEBUG]-users-users.py[line:91/user_info]-user_info_dict : {'status': 0, 'update_time': u'2017-06-12 04:36:58', 'login_name': u'admin', 'last_login_time': u'2017-06-13 03:42:57', 'mobile': u'18689442688', 'name_cn': u'\u8bf8\u845b\u5b54\u660e', 'id': 1L, 'role': 0, 'email': u'admin@watsons.com.cn'}
2017-06-13 03:47:34,376-[INFO]-users-users.py[line:182/user_logout]-User "admin" logout success
2017-06-13 03:47:40,794-[DEBUG]-DB_mysql-mysql_exec.py[line:81/select_sql]-select_sql : "select id,login_name,name_cn,password,mobile,email,role,status,last_login_time from users where login_name="admin";"
2017-06-13 03:47:40,796-[DEBUG]-users-users.py[line:63/user_login]-select_login_info:(1L, u'admin', u'\u8bf8\u845b\u5b54\u660e', u'4bfd3be6dbd0c6888250de0640ec5905', u'18689442688', u'admin@watsons.com.cn', 0, 0, u'2017-06-13 03:42:57')
2017-06-13 03:47:40,796-[DEBUG]-users-users.py[line:68/user_login]-select_login_info_dict:{'status': 0, 'login_name': u'admin', 'last_login_time': u'2017-06-13 03:42:57', 'mobile': u'18689442688', 'name_cn': u'\u8bf8\u845b\u5b54\u660e', 'id': 1L, 'role': 0, 'password': u'4bfd3be6dbd0c6888250de0640ec5905', 'email': u'admin@watsons.com.cn'}
2017-06-13 03:47:40,797-[DEBUG]-DB_mysql-mysql_exec.py[line:53/update_sql]-update_sql : "update users set last_login_time='2017-06-13 03:47:40' where login_name='admin';"
2017-06-13 03:47:40,802-[INFO]-users-users.py[line:79/user_login]-"admin" login success
2017-06-13 03:47:43,816-[DEBUG]-DB_mysql-mysql_exec.py[line:81/select_sql]-select_sql : "select id,login_name,name_cn,password,mobile,email,role,status,update_time,last_login_time from users ;"
2017-06-13 03:47:43,817-[DEBUG]-users-users.py[line:101/user_list]-user_info_list : [{'status': 0, 'update_time': u'2017-06-12 04:36:58', 'login_name': u'admin', 'last_login_time': u'2017-06-13 03:47:40', 'mobile': u'18689442688', 'name_cn': u'\u8bf8\u845b\u5b54\u660e', 'id': 1L, 'role': 0, 'password': u'4bfd3be6dbd0c6888250de0640ec5905', 'email': u'admin@watsons.com.cn'}]
2017-06-13 03:50:52,928-[INFO]-users-users.py[line:182/user_logout]-User "admin" logout success
2017-06-13 03:51:20,680-[DEBUG]-DB_mysql-mysql_exec.py[line:81/select_sql]-select_sql : "select id,login_name,name_cn,password,mobile,email,role,status,last_login_time from users where login_name="admin";"
2017-06-13 03:51:20,682-[DEBUG]-users-users.py[line:63/user_login]-select_login_info:(1L, u'admin', u'\u8bf8\u845b\u5b54\u660e', u'4bfd3be6dbd0c6888250de0640ec5905', u'18689442688', u'admin@watsons.com.cn', 0, 0, u'2017-06-13 03:47:40')
2017-06-13 03:51:20,682-[DEBUG]-users-users.py[line:68/user_login]-select_login_info_dict:{'status': 0, 'login_name': u'admin', 'last_login_time': u'2017-06-13 03:47:40', 'mobile': u'18689442688', 'name_cn': u'\u8bf8\u845b\u5b54\u660e', 'id': 1L, 'role': 0, 'password': u'4bfd3be6dbd0c6888250de0640ec5905', 'email': u'admin@watsons.com.cn'}
2017-06-13 03:51:20,683-[DEBUG]-DB_mysql-mysql_exec.py[line:53/update_sql]-update_sql : "update users set last_login_time='2017-06-13 03:51:20' where login_name='admin';"
2017-06-13 03:51:20,686-[INFO]-users-users.py[line:79/user_login]-"admin" login success
2017-06-13 05:50:10,315-[INFO]-users-users.py[line:182/user_logout]-User "admin" logout success
